Arguments: 
  C:\Program Files\nodejs\node.exe C:\Users\USER\AppData\Roaming\npm\node_modules\yarn\bin\yarn.js start

PATH: 
  C:\Users\USER\Documents\redis;C:\Python310\;C:\Program Files\Python310\Scripts\;C:\Program Files\Python310\;C:\Windows\system32;C:\Windows;C:\Windows\System32\Wbem;C:\Windows\System32\WindowsPowerShell\v1.0\;C:\Windows\System32\OpenSSH\;C:\Program Files\nodejs\;C:\ProgramData\chocolatey\bin;C:\Program Files\Git\cmd;C:\Program Files\dotnet\;C:\Users\USER\AppData\Local\Microsoft\WindowsApps;C:\Users\USER\AppData\Local\Programs\Microsoft VS Code\bin;C:\Users\USER\AppData\Roaming\npm;C:\Program Files\MongoDB\Server\5.0\bin;C:\Program Files\heroku\bin;C:\Users\USER\AppData\Local\GitHubDesktop\bin;C:\openssl\bin;

Yarn version: 
  1.22.18

Node version: 
  16.14.0

Platform: 
  win32 x64

Trace: 
  SyntaxError: C:\Users\USER\Documents\GitHub\reno\frontend\package.json: Unexpected token } in JSON at position 1634
      at JSON.parse (<anonymous>)
      at C:\Users\USER\AppData\Roaming\npm\node_modules\yarn\lib\cli.js:1625:59
      at Generator.next (<anonymous>)
      at step (C:\Users\USER\AppData\Roaming\npm\node_modules\yarn\lib\cli.js:310:30)
      at C:\Users\USER\AppData\Roaming\npm\node_modules\yarn\lib\cli.js:321:13

npm manifest: 
  {
    "name": "client",
    "version": "0.1.0",
    "private": true,
    "dependencies": {
      "@emotion/react": "^11.6.0",
      "@hookform/resolvers": "^2.8.3",
      "@material-ui/core": "^4.12.3",
      "@material-ui/lab": "^4.0.0-alpha.60",
      "@material-ui/styles": "^4.11.4",
      "@reduxjs/toolkit": "^1.6.2",
      "@testing-library/jest-dom": "^5.15.0",
      "@testing-library/react": "^11.2.7",
      "@testing-library/user-event": "^12.8.3",
      "axios": "^0.24.0",
      "chart.js": "^3.6.0",
      "nanoid": "^3.1.30",
      "query-string": "^7.0.1",
      "react": "^17.0.2",
      "react-chartjs-2": "^3.3.0",
      "react-dom": "^17.0.2",
      "react-helmet-async": "^1.1.2",
      "react-hook-form": "^7.19.5",
      "react-icons": "^4.3.1",
      "react-multi-carousel": "^2.6.5",
      "react-redux": "^7.2.6",
      "react-responsive-carousel": "^3.2.22",
      "react-router-dom": "^5.3.0",
      "react-scripts": "4.0.3",
      "react-spinners": "^0.11.0",
      "react-stripe-checkout": "^2.6.3",
      "react-toastify": "^8.1.0",
      "react-transition-group": "^4.4.2",
      "redux": "^4.1.2",
      "redux-persist": "^6.0.0",
      "web-vitals": "^1.1.2",
      "yup": "^0.32.11"
    },
    "scripts": {
      "start": "react-scripts start",
      "build": "react-scripts build",
      "test": "react-scripts test",
      "eject": "react-scripts eject"
    },
    "eslintConfig": {
      "extends": [
        "react-app",
        "react-app/jest"
      ]
    },
    "browserslist": {
      "production": [
        ">0.2%",
        "not dead",
        "not op_mini all"
      ],
      "development": [
        "last 1 chrome version",
        "last 1 firefox version",
        "last 1 safari version"
      ]
    },
   
  }

yarn manifest: 
  No manifest

Lockfile: 
  No lockfile
