[debug] [2022-12-05T13:26:39.450Z] ----------------------------------------------------------------------
[debug] [2022-12-05T13:26:39.451Z] Command:       C:\Program Files\nodejs\node.exe C:\Users\USER\AppData\Roaming\npm\node_modules\firebase-tools\lib\bin\firebase.js init functions
[debug] [2022-12-05T13:26:39.452Z] CLI Version:   11.16.1
[debug] [2022-12-05T13:26:39.452Z] Platform:      win32
[debug] [2022-12-05T13:26:39.452Z] Node Version:  v16.14.0
[debug] [2022-12-05T13:26:39.453Z] Time:          Mon Dec 05 2022 18:56:39 GMT+0530 (India Standard Time)
[debug] [2022-12-05T13:26:39.453Z] ----------------------------------------------------------------------
[debug] 
[debug] [2022-12-05T13:26:39.467Z] > command requires scopes: ["email","openid","https://www.googleapis.com/auth/cloudplatformprojects.readonly","https://www.googleapis.com/auth/firebase","https://www.googleapis.com/auth/cloud-platform"]
[debug] [2022-12-05T13:26:39.467Z] > authorizing via signed-in user (vikashkm84@gmail.com)
[info] 
     ######## #### ########  ######## ########     ###     ######  ########
     ##        ##  ##     ## ##       ##     ##  ##   ##  ##       ##
     ######    ##  ########  ######   ########  #########  ######  ######
     ##        ##  ##    ##  ##       ##     ## ##     ##       ## ##
     ##       #### ##     ## ######## ########  ##     ##  ######  ########

You're about to initialize a Firebase project in this directory:

  C:\Users\USER\Documents\GitHub\reno

[info] 
=== Project Setup
[info] 
[info] First, let's associate this project directory with a Firebase project.
[info] You can create multiple project aliases by running firebase use --add, 
[info] but for now we'll just set up a default project.
[info] 
[debug] [2022-12-05T13:26:55.533Z] >>> [apiv2][query] GET https://firebase.googleapis.com/v1beta1/projects pageSize=100
[debug] [2022-12-05T13:26:57.380Z] <<< [apiv2][status] GET https://firebase.googleapis.com/v1beta1/projects 200
[debug] [2022-12-05T13:26:57.381Z] <<< [apiv2][body] GET https://firebase.googleapis.com/v1beta1/projects [omitted]
[info] i  Using project masaivideo (masaivideo) 
[info] 
=== Functions Setup
[debug] [2022-12-05T13:26:59.950Z] > command requires scopes: ["email","openid","https://www.googleapis.com/auth/cloudplatformprojects.readonly","https://www.googleapis.com/auth/firebase","https://www.googleapis.com/auth/cloud-platform"]
[debug] [2022-12-05T13:26:59.950Z] > authorizing via signed-in user (vikashkm84@gmail.com)
[debug] [2022-12-05T13:26:59.951Z] [iam] checking project masaivideo for permissions ["firebase.projects.get"]
[debug] [2022-12-05T13:26:59.953Z] >>> [apiv2][query] POST https://cloudresourcemanager.googleapis.com/v1/projects/masaivideo:testIamPermissions [none]
[debug] [2022-12-05T13:26:59.953Z] >>> [apiv2][(partial)header] POST https://cloudresourcemanager.googleapis.com/v1/projects/masaivideo:testIamPermissions x-goog-quota-user=projects/masaivideo
[debug] [2022-12-05T13:26:59.953Z] >>> [apiv2][body] POST https://cloudresourcemanager.googleapis.com/v1/projects/masaivideo:testIamPermissions {"permissions":["firebase.projects.get"]}
[debug] [2022-12-05T13:27:02.130Z] <<< [apiv2][status] POST https://cloudresourcemanager.googleapis.com/v1/projects/masaivideo:testIamPermissions 200
[debug] [2022-12-05T13:27:02.131Z] <<< [apiv2][body] POST https://cloudresourcemanager.googleapis.com/v1/projects/masaivideo:testIamPermissions {"permissions":["firebase.projects.get"]}
[debug] [2022-12-05T13:27:02.132Z] >>> [apiv2][query] GET https://serviceusage.googleapis.com/v1/projects/masaivideo/services/cloudfunctions.googleapis.com [none]
[debug] [2022-12-05T13:27:02.132Z] >>> [apiv2][(partial)header] GET https://serviceusage.googleapis.com/v1/projects/masaivideo/services/cloudfunctions.googleapis.com x-goog-quota-user=projects/masaivideo
[debug] [2022-12-05T13:27:02.136Z] >>> [apiv2][query] GET https://serviceusage.googleapis.com/v1/projects/masaivideo/services/runtimeconfig.googleapis.com [none]
[debug] [2022-12-05T13:27:02.137Z] >>> [apiv2][(partial)header] GET https://serviceusage.googleapis.com/v1/projects/masaivideo/services/runtimeconfig.googleapis.com x-goog-quota-user=projects/masaivideo
[debug] [2022-12-05T13:27:04.731Z] <<< [apiv2][status] GET https://serviceusage.googleapis.com/v1/projects/masaivideo/services/cloudfunctions.googleapis.com 200
[debug] [2022-12-05T13:27:04.732Z] <<< [apiv2][body] GET https://serviceusage.googleapis.com/v1/projects/masaivideo/services/cloudfunctions.googleapis.com [omitted]
[debug] [2022-12-05T13:27:04.734Z] >>> [apiv2][query] POST https://serviceusage.googleapis.com/v1/projects/masaivideo/services/cloudfunctions.googleapis.com:enable [none]
[debug] [2022-12-05T13:27:04.734Z] >>> [apiv2][(partial)header] POST https://serviceusage.googleapis.com/v1/projects/masaivideo/services/cloudfunctions.googleapis.com:enable x-goog-quota-user=projects/masaivideo
[debug] [2022-12-05T13:27:04.785Z] <<< [apiv2][status] GET https://serviceusage.googleapis.com/v1/projects/masaivideo/services/runtimeconfig.googleapis.com 200
[debug] [2022-12-05T13:27:04.785Z] <<< [apiv2][body] GET https://serviceusage.googleapis.com/v1/projects/masaivideo/services/runtimeconfig.googleapis.com [omitted]
[debug] [2022-12-05T13:27:07.294Z] <<< [apiv2][status] POST https://serviceusage.googleapis.com/v1/projects/masaivideo/services/cloudfunctions.googleapis.com:enable 200
[debug] [2022-12-05T13:27:07.294Z] <<< [apiv2][body] POST https://serviceusage.googleapis.com/v1/projects/masaivideo/services/cloudfunctions.googleapis.com:enable [omitted]
[debug] [2022-12-05T13:27:17.309Z] >>> [apiv2][query] GET https://serviceusage.googleapis.com/v1/projects/masaivideo/services/cloudfunctions.googleapis.com [none]
[debug] [2022-12-05T13:27:17.309Z] >>> [apiv2][(partial)header] GET https://serviceusage.googleapis.com/v1/projects/masaivideo/services/cloudfunctions.googleapis.com x-goog-quota-user=projects/masaivideo
[debug] [2022-12-05T13:27:19.374Z] <<< [apiv2][status] GET https://serviceusage.googleapis.com/v1/projects/masaivideo/services/cloudfunctions.googleapis.com 200
[debug] [2022-12-05T13:27:19.375Z] <<< [apiv2][body] GET https://serviceusage.googleapis.com/v1/projects/masaivideo/services/cloudfunctions.googleapis.com [omitted]
[info] Let's create a new codebase for your functions.
[info] A directory corresponding to the codebase will be created in your project
[info] with sample code pre-configured.

[info] See https://firebase.google.com/docs/functions/organize-functions for
[info] more information on organizing your functions using codebases.

[info] Functions can be deployed with firebase deploy.

[info] +  Wrote functions/package.json 
[info] +  Wrote functions/.eslintrc.js 
[info] +  Wrote functions/index.js 
[info] +  Wrote functions/.gitignore 
